<?xml version="1.0" encoding="UTF-8"?>
<beans xmlns="http://www.springframework.org/schema/beans"
       xmlns:xsi="http://www.w3.org/2001/XMLSchema-instance"
       xmlns:context="http://www.springframework.org/schema/context"
       xmlns:tx="http://www.springframework.org/schema/tx"
              xmlns:aop="http://www.springframework.org/schema/aop"
       xsi:schemaLocation="http://www.springframework.org/schema/beans
                           http://www.springframework.org/schema/beans/spring-beans.xsd
                           http://www.springframework.org/schema/mvc
                           http://www.springframework.org/schema/mvc/spring-mvc.xsd
                           http://www.springframework.org/schema/tx 
                           http://www.springframework.org/schema/tx/spring-tx-3.0.xsd
                           http://www.springframework.org/schema/context
                           http://www.springframework.org/schema/context/spring-context.xsd
       http://www.springframework.org/schema/aop http://www.springframework.org/schema/aop/spring-aop-3.2.xsd"> 

    <!-- Bean definitions go here -->
    <tx:annotation-driven/>
    <context:component-scan base-package="com.sg.superperson"/>
    
    <bean id="dataSource"
          class="org.apache.commons.dbcp2.BasicDataSource">
        <property name="driverClassName" value="com.mysql.jdbc.Driver"/>
        <property name="url" 
                  value="jdbc:mysql://localhost:3306/superperson2_test"/>
        <property name="username" value="root"/>
        <property name="password" value="root"/>
        <property name="initialSize" value="5"/>
        <property name="maxTotal" value="10"/>
    </bean>
    
    <bean id="transactionManager"
	  class="org.springframework.jdbc.datasource.DataSourceTransactionManager">
        <property name="dataSource" ref="dataSource"/>
    </bean>
    
    <bean id="jdbcTemplate"
	  class="org.springframework.jdbc.core.JdbcTemplate">
	<property name="dataSource" ref="dataSource"/>
    </bean>
    
    <bean id="addressDao"
	  class="com.sg.superperson2.dao.AddressDaoJdbc">
	<property name="jdbcTemplate" ref="jdbcTemplate"/>
    </bean>
    
    <bean id="locationDao"
	  class="com.sg.superperson2.dao.LocationDaoJdbc">
	<property name="jdbcTemplate" ref="jdbcTemplate"/>
	<property name="addressDao" ref="addressDao"/>
    </bean>
    
    <bean id="organizationDao"
	  class="com.sg.superperson2.dao.OrganizationDaoJdbc">
	<property name="jdbcTemplate" ref="jdbcTemplate"/>
    </bean>
    
    <bean id="powerDao"
	  class="com.sg.superperson2.dao.PowerDaoJdbc">
	<property name="jdbcTemplate" ref="jdbcTemplate"/>
    </bean>
    
    <bean id="sightingDao"
	  class="com.sg.superperson2.dao.SightingDaoJdbc">
	<property name="jdbcTemplate" ref="jdbcTemplate"/>
    </bean>
    
    <bean id="sightingSuperpersonDao"
	  class="com.sg.superperson2.dao.SightingSuperpersonDaoJdbc">
	<property name="jdbcTemplate" ref="jdbcTemplate"/>
    </bean>
    
    <bean id="superpersonDao"
	  class="com.sg.superperson2.dao.SuperpersonDaoJdbc">
	<property name="jdbcTemplate" ref="jdbcTemplate"/>
    </bean>
    
    <bean id="superpersonOrganizationDao"
	  class="com.sg.superperson2.dao.SuperpersonOrganizationDaoJdbc">
	<property name="jdbcTemplate" ref="jdbcTemplate"/>
    </bean>
    
    <bean id="superpersonPowerDao"
	  class="com.sg.superperson2.dao.SuperpersonPowerDaoJdbc">
	<property name="jdbcTemplate" ref="jdbcTemplate"/>
    </bean>
    
    <bean id="userDao"
	  class="com.sg.superperson2.dao.UserDaoJdbc">
	<property name="jdbcTemplate" ref="jdbcTemplate"/>
    </bean>
    
    <bean id="addressService"
	  class="com.sg.superperson2.service.AddressServiceDefault">
    </bean>
    
    <bean id="locationService"
	  class="com.sg.superperson2.service.LocationServiceDefault">
    </bean>
    
    <bean id="organizationService"
	  class="com.sg.superperson2.service.OrganizationServiceDefault">
    </bean>
    
    <bean id="powerService"
	  class="com.sg.superperson2.service.PowerServiceDefault">
    </bean>
    
    <bean id="sightingService"
	  class="com.sg.superperson2.service.SightingServiceDefault">
    </bean>
    
    <bean id="superpersonService"
	  class="com.sg.superperson2.service.SuperpersonServiceDefault">
    </bean>
    
    <bean id="userService"
	  class="com.sg.superperson2.service.UserServiceDefault">
    </bean>
</beans>
